2025-08-30 18:16:27,943 [Worker-9: Loading available Gradle versions] INFO  o.e.b.c.i.u.g.PublishedGradleVersions - Gradle version information cache is not available. Remote download required.
2025-08-30 18:17:43,288 [Worker-3: Update Maven projects configuration] INFO  o.e.m.c.i.p.ProjectConfigurationManager - Update started
2025-08-30 18:17:43,616 [Worker-3: Update Maven projects configuration] INFO  o.e.m.c.i.l.LifecycleMappingFactory - Using org.eclipse.m2e.jdt.JarLifecycleMapping lifecycle mapping for MavenProject: org.school:SchoolProject:1.0-SNAPSHOT @ /Users/abhishekkanade/Desktop/JavaAndSpringBoot/serverlet/SchoolProject/pom.xml.
2025-08-30 18:17:44,181 [Worker-7: Updating Maven Dependencies] INFO  o.e.m.c.i.l.LifecycleMappingFactory - Using org.eclipse.m2e.jdt.JarLifecycleMapping lifecycle mapping for MavenProject: org.example:Testing:1.0-SNAPSHOT @ /Users/abhishekkanade/Desktop/JavaAndSpringBoot/Testing/pom.xml.
2025-08-30 18:17:44,224 [Worker-3: Update Maven projects configuration] INFO  o.e.m.j.i.AbstractJavaProjectConfigurator - Adding source folder /serverlet_SchoolProject/src/main/java
2025-08-30 18:17:44,226 [Worker-3: Update Maven projects configuration] INFO  o.e.m.j.i.AbstractJavaProjectConfigurator - Adding resource folder /serverlet_SchoolProject/src/main/resources
2025-08-30 18:17:44,262 [Worker-3: Update Maven projects configuration] INFO  o.e.m.j.i.AbstractJavaProjectConfigurator - Adding source folder /serverlet_SchoolProject/src/test/java
2025-08-30 18:17:44,263 [Worker-3: Update Maven projects configuration] INFO  o.e.m.j.i.AbstractJavaProjectConfigurator - Adding resource folder /serverlet_SchoolProject/src/test/resources
2025-08-30 18:17:44,264 [Worker-3: Update Maven projects configuration] ERROR o.e.m.j.i.AbstractJavaProjectConfigurator - Failed to find a compatible VM for environment id 'JavaSE-23', falling back to workspace default
2025-08-30 18:17:44,326 [Worker-3: Update Maven projects configuration] INFO  o.e.m.c.i.p.ProjectConfigurationManager - Update completed for 1 poms: local refresh takes 0.00 sec, refresh facades takes 0.00 sec, update config takes 0.00 sec 
2025-08-30 18:17:44,327 [Worker-3: Update Maven projects configuration] INFO  o.e.m.c.i.p.ProjectConfigurationManager - Update started
2025-08-30 18:17:44,390 [Worker-3: Update Maven projects configuration] INFO  o.e.m.c.i.l.LifecycleMappingFactory - Using org.eclipse.m2e.jdt.JarLifecycleMapping lifecycle mapping for MavenProject: org.school:SchoolProject:1.0-SNAPSHOT @ /Users/abhishekkanade/Desktop/JavaAndSpringBoot/serverlet/SchoolProject/pom.xml.
2025-08-30 18:17:44,401 [Worker-3: Update Maven projects configuration] INFO  o.e.m.c.i.l.LifecycleMappingFactory - Using org.eclipse.m2e.jdt.JarLifecycleMapping lifecycle mapping for MavenProject: org.example:JDBC:1.0-SNAPSHOT @ /Users/abhishekkanade/Desktop/JavaAndSpringBoot/JDBC/pom.xml.
2025-08-30 18:17:44,426 [Worker-7: Updating Maven Dependencies] INFO  o.e.m.c.i.l.LifecycleMappingFactory - Using org.eclipse.m2e.jdt.JarLifecycleMapping lifecycle mapping for MavenProject: com.learningmaven:learningmaven:1.0-SNAPSHOT @ /Users/abhishekkanade/Desktop/JavaAndSpringBoot/learningmaven/pom.xml.
2025-08-30 18:17:44,426 [Worker-3: Update Maven projects configuration] INFO  o.e.m.c.i.l.LifecycleMappingFactory - Using org.eclipse.m2e.jdt.JarLifecycleMapping lifecycle mapping for MavenProject: org.example:JDBC:1.0-SNAPSHOT @ /Users/abhishekkanade/Desktop/JavaAndSpringBoot/serverlet/JDBC/pom.xml.
2025-08-30 18:17:44,437 [Worker-3: Update Maven projects configuration] INFO  o.e.m.c.i.l.LifecycleMappingFactory - Using org.eclipse.m2e.jdt.JarLifecycleMapping lifecycle mapping for MavenProject: org.school:SchoolProject:1.0-SNAPSHOT @ /Users/abhishekkanade/Desktop/JavaAndSpringBoot/SchoolProject/pom.xml.
2025-08-30 18:17:44,522 [Worker-3: Update Maven projects configuration] INFO  o.e.m.c.i.l.LifecycleMappingFactory - Using org.maven.ide.eclipse.wtp.WarLifecycleMapping lifecycle mapping for MavenProject: com.learningservlet:servlet:1.0-SNAPSHOT @ /Users/abhishekkanade/Desktop/JavaAndSpringBoot/serverlet/servlet/pom.xml.
2025-08-30 18:17:44,930 [Worker-3: Update Maven projects configuration] INFO  o.e.m.j.i.AbstractJavaProjectConfigurator - Adding source folder /serverlet_SchoolProject/src/main/java
2025-08-30 18:17:44,931 [Worker-3: Update Maven projects configuration] INFO  o.e.m.j.i.AbstractJavaProjectConfigurator - Adding resource folder /serverlet_SchoolProject/src/main/resources
2025-08-30 18:17:44,931 [Worker-3: Update Maven projects configuration] INFO  o.e.m.j.i.AbstractJavaProjectConfigurator - Adding source folder /serverlet_SchoolProject/src/test/java
2025-08-30 18:17:44,931 [Worker-3: Update Maven projects configuration] INFO  o.e.m.j.i.AbstractJavaProjectConfigurator - Adding resource folder /serverlet_SchoolProject/src/test/resources
2025-08-30 18:17:44,931 [Worker-3: Update Maven projects configuration] ERROR o.e.m.j.i.AbstractJavaProjectConfigurator - Failed to find a compatible VM for environment id 'JavaSE-23', falling back to workspace default
2025-08-30 18:17:44,976 [Worker-3: Update Maven projects configuration] INFO  o.e.m.j.i.AbstractJavaProjectConfigurator - Adding source folder /JDBC/src/main/java
2025-08-30 18:17:44,976 [Worker-3: Update Maven projects configuration] INFO  o.e.m.j.i.AbstractJavaProjectConfigurator - Adding resource folder /JDBC/src/main/resources
2025-08-30 18:17:44,978 [Worker-3: Update Maven projects configuration] INFO  o.e.m.j.i.AbstractJavaProjectConfigurator - Adding source folder /JDBC/src/test/java
2025-08-30 18:17:44,979 [Worker-3: Update Maven projects configuration] INFO  o.e.m.j.i.AbstractJavaProjectConfigurator - Adding resource folder /JDBC/src/test/resources
2025-08-30 18:17:44,979 [Worker-3: Update Maven projects configuration] ERROR o.e.m.j.i.AbstractJavaProjectConfigurator - Failed to find a compatible VM for environment id 'JavaSE-24', falling back to workspace default
2025-08-30 18:17:45,037 [Worker-3: Update Maven projects configuration] INFO  o.e.m.j.i.AbstractJavaProjectConfigurator - Adding source folder /serverlet_JDBC/src/main/java
2025-08-30 18:17:45,038 [Worker-3: Update Maven projects configuration] INFO  o.e.m.j.i.AbstractJavaProjectConfigurator - Adding resource folder /serverlet_JDBC/src/main/resources
2025-08-30 18:17:45,040 [Worker-3: Update Maven projects configuration] INFO  o.e.m.j.i.AbstractJavaProjectConfigurator - Adding source folder /serverlet_JDBC/src/test/java
2025-08-30 18:17:45,040 [Worker-3: Update Maven projects configuration] INFO  o.e.m.j.i.AbstractJavaProjectConfigurator - Adding resource folder /serverlet_JDBC/src/test/resources
2025-08-30 18:17:45,040 [Worker-3: Update Maven projects configuration] ERROR o.e.m.j.i.AbstractJavaProjectConfigurator - Failed to find a compatible VM for environment id 'JavaSE-24', falling back to workspace default
2025-08-30 18:17:45,133 [Worker-3: Update Maven projects configuration] INFO  o.e.m.j.i.AbstractJavaProjectConfigurator - Adding source folder /SchoolProject/src/main/java
2025-08-30 18:17:45,133 [Worker-3: Update Maven projects configuration] INFO  o.e.m.j.i.AbstractJavaProjectConfigurator - Adding resource folder /SchoolProject/src/main/resources
2025-08-30 18:17:45,136 [Worker-3: Update Maven projects configuration] INFO  o.e.m.j.i.AbstractJavaProjectConfigurator - Adding source folder /SchoolProject/src/test/java
2025-08-30 18:17:45,136 [Worker-3: Update Maven projects configuration] INFO  o.e.m.j.i.AbstractJavaProjectConfigurator - Adding resource folder /SchoolProject/src/test/resources
2025-08-30 18:17:45,136 [Worker-3: Update Maven projects configuration] ERROR o.e.m.j.i.AbstractJavaProjectConfigurator - Failed to find a compatible VM for environment id 'JavaSE-23', falling back to workspace default
2025-08-30 18:17:45,212 [Worker-3: Update Maven projects configuration] INFO  o.e.m.j.i.AbstractJavaProjectConfigurator - Adding source folder /servlet/src/main/java
2025-08-30 18:17:45,212 [Worker-3: Update Maven projects configuration] INFO  o.e.m.j.i.AbstractJavaProjectConfigurator - Adding resource folder /servlet/src/main/resources
2025-08-30 18:17:45,212 [Worker-3: Update Maven projects configuration] INFO  o.e.m.j.i.AbstractJavaProjectConfigurator - Adding source folder /servlet/src/test/java
2025-08-30 18:17:45,212 [Worker-3: Update Maven projects configuration] INFO  o.e.m.j.i.AbstractJavaProjectConfigurator - Adding resource folder /servlet/src/test/resources
2025-08-30 18:17:45,629 [Worker-3: Update Maven projects configuration] INFO  o.e.m.c.i.p.ProjectConfigurationManager - Update completed for 5 poms: local refresh takes 0.00 sec, refresh facades takes 0.00 sec, update config takes 0.00 sec 
2025-08-30 18:17:45,933 [Worker-3: Updating Maven Dependencies] INFO  o.e.m.c.i.l.LifecycleMappingFactory - Using org.eclipse.m2e.jdt.JarLifecycleMapping lifecycle mapping for MavenProject: org.example:Testing:1.0-SNAPSHOT @ /Users/abhishekkanade/Desktop/JavaAndSpringBoot/Testing/pom.xml.
2025-08-30 18:17:45,951 [Worker-3: Updating Maven Dependencies] INFO  o.e.m.c.i.l.LifecycleMappingFactory - Using org.eclipse.m2e.jdt.JarLifecycleMapping lifecycle mapping for MavenProject: com.learningmaven:learningmaven:1.0-SNAPSHOT @ /Users/abhishekkanade/Desktop/JavaAndSpringBoot/learningmaven/pom.xml.
2025-08-30 18:17:46,062 [Worker-30: Download sources and javadoc] INFO  o.e.m.c.i.e.AbstractTransferListenerAdapter - Downloading https://repo.maven.apache.org/maven2/junit/junit/4.13.2/junit-4.13.2-sources.jar
2025-08-30 18:17:46,155 [Worker-30: Download sources and javadoc] INFO  o.e.m.c.i.e.AbstractTransferListenerAdapter - Downloaded https://repo.maven.apache.org/maven2/junit/junit/4.13.2/junit-4.13.2-sources.jar
2025-08-30 18:17:46,157 [Worker-30: Download sources and javadoc] INFO  o.e.m.j.internal.DownloadSourcesJob - Downloaded sources for junit:junit:4.13.2
2025-08-30 18:17:46,163 [Worker-21: Building] INFO  o.e.m.c.i.l.LifecycleMappingFactory - Using org.eclipse.m2e.jdt.JarLifecycleMapping lifecycle mapping for MavenProject: org.example:CollectionsFramework:1.0-SNAPSHOT @ /Users/abhishekkanade/Desktop/JavaAndSpringBoot/CollectionsFramework/pom.xml.
2025-08-30 18:17:46,214 [Worker-30: Download sources and javadoc] INFO  o.e.m.c.i.e.AbstractTransferListenerAdapter - Downloading https://repo.maven.apache.org/maven2/jakarta/servlet/jakarta.servlet-api/6.0.0/jakarta.servlet-api-6.0.0-sources.jar
2025-08-30 18:17:46,289 [Worker-21: Building] INFO  o.a.m.s.f.DefaultMavenResourcesFiltering - skip non existing resourceDirectory /Users/abhishekkanade/Desktop/JavaAndSpringBoot/CollectionsFramework/src/main/resources
2025-08-30 18:17:46,291 [Worker-21: Building] INFO  o.a.m.s.f.DefaultMavenResourcesFiltering - skip non existing resourceDirectory /Users/abhishekkanade/Desktop/JavaAndSpringBoot/CollectionsFramework/src/test/resources
2025-08-30 18:17:46,345 [Worker-30: Download sources and javadoc] INFO  o.e.m.c.i.e.AbstractTransferListenerAdapter - Downloaded https://repo.maven.apache.org/maven2/jakarta/servlet/jakarta.servlet-api/6.0.0/jakarta.servlet-api-6.0.0-sources.jar
2025-08-30 18:17:46,348 [Worker-30: Download sources and javadoc] INFO  o.e.m.j.internal.DownloadSourcesJob - Downloaded sources for jakarta.servlet:jakarta.servlet-api:6.0.0
2025-08-30 18:17:46,392 [Worker-30: Download sources and javadoc] INFO  o.e.m.c.i.e.AbstractTransferListenerAdapter - Downloading https://repo.maven.apache.org/maven2/com/mysql/mysql-connector-j/8.1.0/mysql-connector-j-8.1.0-sources.jar
2025-08-30 18:17:46,623 [Worker-21: Building] INFO  o.a.m.s.f.DefaultMavenResourcesFiltering - skip non existing resourceDirectory /Users/abhishekkanade/Desktop/JavaAndSpringBoot/CollectionsFramework/src/main/resources
2025-08-30 18:17:46,624 [Worker-21: Building] INFO  o.a.m.s.f.DefaultMavenResourcesFiltering - skip non existing resourceDirectory /Users/abhishekkanade/Desktop/JavaAndSpringBoot/CollectionsFramework/src/test/resources
2025-08-30 18:17:46,633 [Worker-21: Building] INFO  o.a.m.s.f.DefaultMavenResourcesFiltering - skip non existing resourceDirectory /Users/abhishekkanade/Desktop/JavaAndSpringBoot/JDBC/src/main/resources
2025-08-30 18:17:46,635 [Worker-21: Building] INFO  o.a.m.s.f.DefaultMavenResourcesFiltering - skip non existing resourceDirectory /Users/abhishekkanade/Desktop/JavaAndSpringBoot/JDBC/src/test/resources
2025-08-30 18:17:46,669 [Worker-30: Download sources and javadoc] INFO  o.e.m.c.i.e.AbstractTransferListenerAdapter - Downloaded https://repo.maven.apache.org/maven2/com/mysql/mysql-connector-j/8.1.0/mysql-connector-j-8.1.0-sources.jar
2025-08-30 18:17:46,670 [Worker-30: Download sources and javadoc] INFO  o.e.m.j.internal.DownloadSourcesJob - Downloaded sources for com.mysql:mysql-connector-j:8.1.0
2025-08-30 18:17:46,680 [Worker-21: Building] INFO  o.e.m.c.i.l.LifecycleMappingFactory - Using org.eclipse.m2e.jdt.JarLifecycleMapping lifecycle mapping for MavenProject: org.example:MultiThreadedServer:1.0-SNAPSHOT @ /Users/abhishekkanade/Desktop/JavaAndSpringBoot/MultiThreadedServer/pom.xml.
2025-08-30 18:17:46,695 [Worker-21: Building] INFO  o.a.m.s.f.DefaultMavenResourcesFiltering - skip non existing resourceDirectory /Users/abhishekkanade/Desktop/JavaAndSpringBoot/MultiThreadedServer/src/main/resources
2025-08-30 18:17:46,696 [Worker-21: Building] INFO  o.a.m.s.f.DefaultMavenResourcesFiltering - skip non existing resourceDirectory /Users/abhishekkanade/Desktop/JavaAndSpringBoot/MultiThreadedServer/src/test/resources
2025-08-30 18:17:46,706 [Worker-30: Download sources and javadoc] INFO  o.e.m.c.i.e.AbstractTransferListenerAdapter - Downloading https://repo.maven.apache.org/maven2/com/google/protobuf/protobuf-java/3.21.9/protobuf-java-3.21.9-sources.jar
2025-08-30 18:17:46,787 [Worker-21: Building] INFO  o.e.m.c.i.l.LifecycleMappingFactory - Using org.eclipse.m2e.jdt.JarLifecycleMapping lifecycle mapping for MavenProject: org.example:MultiThreading:1.0-SNAPSHOT @ /Users/abhishekkanade/Desktop/JavaAndSpringBoot/MultiThreading/pom.xml.
2025-08-30 18:17:46,796 [Worker-21: Building] INFO  o.a.m.s.f.DefaultMavenResourcesFiltering - skip non existing resourceDirectory /Users/abhishekkanade/Desktop/JavaAndSpringBoot/MultiThreading/src/main/resources
2025-08-30 18:17:46,797 [Worker-21: Building] INFO  o.a.m.s.f.DefaultMavenResourcesFiltering - skip non existing resourceDirectory /Users/abhishekkanade/Desktop/JavaAndSpringBoot/MultiThreading/src/test/resources
2025-08-30 18:17:46,814 [Worker-21: Building] INFO  o.a.m.s.f.DefaultMavenResourcesFiltering - Copying 1 resource from src/main/resources to target/classes
2025-08-30 18:17:46,821 [Worker-21: Building] INFO  o.a.m.s.f.DefaultMavenResourcesFiltering - skip non existing resourceDirectory /Users/abhishekkanade/Desktop/JavaAndSpringBoot/SchoolProject/src/test/resources
2025-08-30 18:17:46,859 [Worker-21: Building] INFO  o.a.m.s.f.DefaultMavenResourcesFiltering - skip non existing resourceDirectory /Users/abhishekkanade/Desktop/JavaAndSpringBoot/Testing/src/main/resources
2025-08-30 18:17:46,860 [Worker-21: Building] INFO  o.a.m.s.f.DefaultMavenResourcesFiltering - skip non existing resourceDirectory /Users/abhishekkanade/Desktop/JavaAndSpringBoot/Testing/src/test/resources
2025-08-30 18:17:46,865 [Worker-30: Download sources and javadoc] INFO  o.e.m.c.i.e.AbstractTransferListenerAdapter - Downloaded https://repo.maven.apache.org/maven2/com/google/protobuf/protobuf-java/3.21.9/protobuf-java-3.21.9-sources.jar
2025-08-30 18:17:46,866 [Worker-30: Download sources and javadoc] INFO  o.e.m.j.internal.DownloadSourcesJob - Downloaded sources for com.google.protobuf:protobuf-java:3.21.9
2025-08-30 18:17:46,867 [Worker-30: Download sources and javadoc] INFO  o.e.m.j.internal.DownloadSourcesJob - Downloaded sources for junit:junit:4.13.2
2025-08-30 18:17:46,868 [Worker-30: Download sources and javadoc] INFO  o.e.m.j.internal.DownloadSourcesJob - Downloaded sources for com.mysql:mysql-connector-j:8.1.0
2025-08-30 18:17:46,869 [Worker-30: Download sources and javadoc] INFO  o.e.m.j.internal.DownloadSourcesJob - Downloaded sources for com.google.protobuf:protobuf-java:3.21.9
2025-08-30 18:17:46,871 [Worker-30: Download sources and javadoc] INFO  o.e.m.j.internal.DownloadSourcesJob - Downloaded sources for junit:junit:4.13.2
2025-08-30 18:17:47,168 [Worker-2: Building] INFO  o.a.m.s.f.DefaultMavenResourcesFiltering - skip non existing resourceDirectory /Users/abhishekkanade/Desktop/JavaAndSpringBoot/MultiThreadedServer/src/main/resources
2025-08-30 18:17:47,169 [Worker-2: Building] INFO  o.a.m.s.f.DefaultMavenResourcesFiltering - skip non existing resourceDirectory /Users/abhishekkanade/Desktop/JavaAndSpringBoot/MultiThreadedServer/src/test/resources
2025-08-30 18:17:47,220 [Worker-2: Building] INFO  o.a.m.s.f.DefaultMavenResourcesFiltering - skip non existing resourceDirectory /Users/abhishekkanade/Desktop/JavaAndSpringBoot/MultiThreading/src/main/resources
2025-08-30 18:17:47,220 [Worker-2: Building] INFO  o.a.m.s.f.DefaultMavenResourcesFiltering - skip non existing resourceDirectory /Users/abhishekkanade/Desktop/JavaAndSpringBoot/MultiThreading/src/test/resources
2025-08-30 18:17:47,241 [Worker-2: Building] INFO  o.e.m.c.i.l.LifecycleMappingFactory - Using org.eclipse.m2e.jdt.JarLifecycleMapping lifecycle mapping for MavenProject: org.example:IRCTCBooking:1.0-SNAPSHOT @ /Users/abhishekkanade/Desktop/JavaAndSpringBoot/Train Booking System USing Jackson/pom.xml.
2025-08-30 18:17:47,271 [Worker-2: Building] INFO  o.a.m.s.f.DefaultMavenResourcesFiltering - skip non existing resourceDirectory /Users/abhishekkanade/Desktop/JavaAndSpringBoot/Train Booking System USing Jackson/src/main/resources
2025-08-30 18:17:47,272 [Worker-2: Building] INFO  o.a.m.s.f.DefaultMavenResourcesFiltering - skip non existing resourceDirectory /Users/abhishekkanade/Desktop/JavaAndSpringBoot/Train Booking System USing Jackson/src/test/resources
2025-08-30 18:17:47,596 [Worker-25: Building] INFO  o.a.m.s.f.DefaultMavenResourcesFiltering - skip non existing resourceDirectory /Users/abhishekkanade/Desktop/JavaAndSpringBoot/Train Booking System USing Jackson/src/main/resources
2025-08-30 18:17:47,597 [Worker-25: Building] INFO  o.a.m.s.f.DefaultMavenResourcesFiltering - skip non existing resourceDirectory /Users/abhishekkanade/Desktop/JavaAndSpringBoot/Train Booking System USing Jackson/src/test/resources
2025-08-30 18:17:47,617 [Worker-25: Building] INFO  o.a.m.s.f.DefaultMavenResourcesFiltering - skip non existing resourceDirectory /Users/abhishekkanade/Desktop/JavaAndSpringBoot/learningmaven/src/main/resources
2025-08-30 18:17:47,618 [Worker-25: Building] INFO  o.a.m.s.f.DefaultMavenResourcesFiltering - skip non existing resourceDirectory /Users/abhishekkanade/Desktop/JavaAndSpringBoot/learningmaven/src/test/resources
2025-08-30 18:17:47,653 [Worker-25: Building] INFO  o.e.m.c.i.l.LifecycleMappingFactory - Using org.eclipse.m2e.jdt.JarLifecycleMapping lifecycle mapping for MavenProject: com.learningserverlet:serverlet:1.0-SNAPSHOT @ /Users/abhishekkanade/Desktop/JavaAndSpringBoot/serverlet/serverlet/pom.xml.
2025-08-30 18:17:47,805 [Worker-25: Building] INFO  o.e.m.c.i.embedder.EclipseLogger - Using 'UTF-8' encoding to copy filtered resources.
2025-08-30 18:17:47,805 [Worker-25: Building] INFO  o.e.m.c.i.embedder.EclipseLogger - skip non existing resourceDirectory /Users/abhishekkanade/Desktop/JavaAndSpringBoot/serverlet/serverlet/src/main/resources
2025-08-30 18:17:47,806 [Worker-25: Building] INFO  o.e.m.c.i.embedder.EclipseLogger - Using 'UTF-8' encoding to copy filtered resources.
2025-08-30 18:17:47,807 [Worker-25: Building] INFO  o.e.m.c.i.embedder.EclipseLogger - skip non existing resourceDirectory /Users/abhishekkanade/Desktop/JavaAndSpringBoot/serverlet/serverlet/src/test/resources
2025-08-30 18:17:47,940 [Worker-2: Building] INFO  o.e.m.c.i.embedder.EclipseLogger - Using 'UTF-8' encoding to copy filtered resources.
2025-08-30 18:17:47,940 [Worker-2: Building] INFO  o.e.m.c.i.embedder.EclipseLogger - skip non existing resourceDirectory /Users/abhishekkanade/Desktop/JavaAndSpringBoot/serverlet/serverlet/src/main/resources
2025-08-30 18:17:47,941 [Worker-2: Building] INFO  o.e.m.c.i.embedder.EclipseLogger - Using 'UTF-8' encoding to copy filtered resources.
2025-08-30 18:17:47,941 [Worker-2: Building] INFO  o.e.m.c.i.embedder.EclipseLogger - skip non existing resourceDirectory /Users/abhishekkanade/Desktop/JavaAndSpringBoot/serverlet/serverlet/src/test/resources
2025-08-30 18:17:48,012 [Worker-2: Building] INFO  o.e.m.c.i.l.LifecycleMappingFactory - Using org.eclipse.m2e.jdt.JarLifecycleMapping lifecycle mapping for MavenProject: org.example:CollectionsFramework:1.0-SNAPSHOT @ /Users/abhishekkanade/Desktop/JavaAndSpringBoot/serverlet/CollectionsFramework/pom.xml.
2025-08-30 18:17:48,020 [Worker-2: Building] INFO  o.a.m.s.f.DefaultMavenResourcesFiltering - skip non existing resourceDirectory /Users/abhishekkanade/Desktop/JavaAndSpringBoot/serverlet/CollectionsFramework/src/main/resources
2025-08-30 18:17:48,020 [Worker-2: Building] INFO  o.a.m.s.f.DefaultMavenResourcesFiltering - skip non existing resourceDirectory /Users/abhishekkanade/Desktop/JavaAndSpringBoot/serverlet/CollectionsFramework/src/test/resources
2025-08-30 18:17:48,064 [Worker-2: Building] INFO  o.a.m.s.f.DefaultMavenResourcesFiltering - skip non existing resourceDirectory /Users/abhishekkanade/Desktop/JavaAndSpringBoot/serverlet/JDBC/src/main/resources
2025-08-30 18:17:48,064 [Worker-2: Building] INFO  o.a.m.s.f.DefaultMavenResourcesFiltering - skip non existing resourceDirectory /Users/abhishekkanade/Desktop/JavaAndSpringBoot/serverlet/JDBC/src/test/resources
2025-08-30 18:17:48,097 [Worker-2: Building] INFO  o.e.m.c.i.l.LifecycleMappingFactory - Using org.eclipse.m2e.jdt.JarLifecycleMapping lifecycle mapping for MavenProject: org.example:MultiThreadedServer:1.0-SNAPSHOT @ /Users/abhishekkanade/Desktop/JavaAndSpringBoot/serverlet/MultiThreadedServer/pom.xml.
2025-08-30 18:17:48,105 [Worker-2: Building] INFO  o.a.m.s.f.DefaultMavenResourcesFiltering - skip non existing resourceDirectory /Users/abhishekkanade/Desktop/JavaAndSpringBoot/serverlet/MultiThreadedServer/src/main/resources
2025-08-30 18:17:48,105 [Worker-2: Building] INFO  o.a.m.s.f.DefaultMavenResourcesFiltering - skip non existing resourceDirectory /Users/abhishekkanade/Desktop/JavaAndSpringBoot/serverlet/MultiThreadedServer/src/test/resources
2025-08-30 18:17:48,157 [Worker-2: Building] INFO  o.e.m.c.i.l.LifecycleMappingFactory - Using org.eclipse.m2e.jdt.JarLifecycleMapping lifecycle mapping for MavenProject: org.example:MultiThreading:1.0-SNAPSHOT @ /Users/abhishekkanade/Desktop/JavaAndSpringBoot/serverlet/MultiThreading/pom.xml.
2025-08-30 18:17:48,165 [Worker-2: Building] INFO  o.a.m.s.f.DefaultMavenResourcesFiltering - skip non existing resourceDirectory /Users/abhishekkanade/Desktop/JavaAndSpringBoot/serverlet/MultiThreading/src/main/resources
2025-08-30 18:17:48,165 [Worker-2: Building] INFO  o.a.m.s.f.DefaultMavenResourcesFiltering - skip non existing resourceDirectory /Users/abhishekkanade/Desktop/JavaAndSpringBoot/serverlet/MultiThreading/src/test/resources
2025-08-30 18:17:48,178 [Worker-2: Building] INFO  o.a.m.s.f.DefaultMavenResourcesFiltering - Copying 1 resource from src/main/resources to target/classes
2025-08-30 18:17:48,180 [Worker-2: Building] INFO  o.a.m.s.f.DefaultMavenResourcesFiltering - skip non existing resourceDirectory /Users/abhishekkanade/Desktop/JavaAndSpringBoot/serverlet/SchoolProject/src/test/resources
2025-08-30 18:17:48,209 [Worker-2: Building] INFO  o.e.m.c.i.l.LifecycleMappingFactory - Using org.eclipse.m2e.jdt.JarLifecycleMapping lifecycle mapping for MavenProject: org.example:Testing:1.0-SNAPSHOT @ /Users/abhishekkanade/Desktop/JavaAndSpringBoot/serverlet/Testing/pom.xml.
2025-08-30 18:17:48,219 [Worker-2: Building] INFO  o.a.m.s.f.DefaultMavenResourcesFiltering - skip non existing resourceDirectory /Users/abhishekkanade/Desktop/JavaAndSpringBoot/serverlet/Testing/src/main/resources
2025-08-30 18:17:48,220 [Worker-2: Building] INFO  o.a.m.s.f.DefaultMavenResourcesFiltering - skip non existing resourceDirectory /Users/abhishekkanade/Desktop/JavaAndSpringBoot/serverlet/Testing/src/test/resources
2025-08-30 18:17:48,269 [Worker-2: Building] INFO  o.e.m.c.i.l.LifecycleMappingFactory - Using org.eclipse.m2e.jdt.JarLifecycleMapping lifecycle mapping for MavenProject: org.example:IRCTCBooking:1.0-SNAPSHOT @ /Users/abhishekkanade/Desktop/JavaAndSpringBoot/serverlet/Train Booking System USing Jackson/pom.xml.
2025-08-30 18:17:48,286 [Worker-2: Building] INFO  o.a.m.s.f.DefaultMavenResourcesFiltering - skip non existing resourceDirectory /Users/abhishekkanade/Desktop/JavaAndSpringBoot/serverlet/Train Booking System USing Jackson/src/main/resources
2025-08-30 18:17:48,286 [Worker-2: Building] INFO  o.a.m.s.f.DefaultMavenResourcesFiltering - skip non existing resourceDirectory /Users/abhishekkanade/Desktop/JavaAndSpringBoot/serverlet/Train Booking System USing Jackson/src/test/resources
2025-08-30 18:17:48,308 [Worker-2: Building] INFO  o.e.m.c.i.l.LifecycleMappingFactory - Using org.eclipse.m2e.jdt.JarLifecycleMapping lifecycle mapping for MavenProject: com.learningmaven:learningmaven:1.0-SNAPSHOT @ /Users/abhishekkanade/Desktop/JavaAndSpringBoot/serverlet/learningmaven/pom.xml.
2025-08-30 18:17:48,317 [Worker-2: Building] INFO  o.a.m.s.f.DefaultMavenResourcesFiltering - skip non existing resourceDirectory /Users/abhishekkanade/Desktop/JavaAndSpringBoot/serverlet/learningmaven/src/main/resources
2025-08-30 18:17:48,318 [Worker-2: Building] INFO  o.a.m.s.f.DefaultMavenResourcesFiltering - skip non existing resourceDirectory /Users/abhishekkanade/Desktop/JavaAndSpringBoot/serverlet/learningmaven/src/test/resources
2025-08-30 18:17:48,382 [Worker-2: Building] INFO  o.a.m.s.f.DefaultMavenResourcesFiltering - skip non existing resourceDirectory /Users/abhishekkanade/Desktop/JavaAndSpringBoot/serverlet/servlet/src/main/resources
2025-08-30 18:17:48,383 [Worker-2: Building] INFO  o.a.m.s.f.DefaultMavenResourcesFiltering - skip non existing resourceDirectory /Users/abhishekkanade/Desktop/JavaAndSpringBoot/serverlet/servlet/src/test/resources
2025-08-30 18:17:49,571 [Worker-25: Building] INFO  o.a.m.s.f.DefaultMavenResourcesFiltering - skip non existing resourceDirectory /Users/abhishekkanade/Desktop/JavaAndSpringBoot/serverlet/CollectionsFramework/src/main/resources
2025-08-30 18:17:49,572 [Worker-25: Building] INFO  o.a.m.s.f.DefaultMavenResourcesFiltering - skip non existing resourceDirectory /Users/abhishekkanade/Desktop/JavaAndSpringBoot/serverlet/CollectionsFramework/src/test/resources
2025-08-30 18:17:49,592 [Worker-25: Building] INFO  o.a.m.s.f.DefaultMavenResourcesFiltering - skip non existing resourceDirectory /Users/abhishekkanade/Desktop/JavaAndSpringBoot/serverlet/MultiThreadedServer/src/main/resources
2025-08-30 18:17:49,593 [Worker-25: Building] INFO  o.a.m.s.f.DefaultMavenResourcesFiltering - skip non existing resourceDirectory /Users/abhishekkanade/Desktop/JavaAndSpringBoot/serverlet/MultiThreadedServer/src/test/resources
2025-08-30 18:17:49,625 [Worker-25: Building] INFO  o.a.m.s.f.DefaultMavenResourcesFiltering - skip non existing resourceDirectory /Users/abhishekkanade/Desktop/JavaAndSpringBoot/serverlet/MultiThreading/src/main/resources
2025-08-30 18:17:49,626 [Worker-25: Building] INFO  o.a.m.s.f.DefaultMavenResourcesFiltering - skip non existing resourceDirectory /Users/abhishekkanade/Desktop/JavaAndSpringBoot/serverlet/MultiThreading/src/test/resources
2025-08-30 18:17:49,652 [Worker-25: Building] INFO  o.a.m.s.f.DefaultMavenResourcesFiltering - skip non existing resourceDirectory /Users/abhishekkanade/Desktop/JavaAndSpringBoot/serverlet/Testing/src/main/resources
2025-08-30 18:17:49,653 [Worker-25: Building] INFO  o.a.m.s.f.DefaultMavenResourcesFiltering - skip non existing resourceDirectory /Users/abhishekkanade/Desktop/JavaAndSpringBoot/serverlet/Testing/src/test/resources
2025-08-30 18:17:49,691 [Worker-25: Building] INFO  o.a.m.s.f.DefaultMavenResourcesFiltering - skip non existing resourceDirectory /Users/abhishekkanade/Desktop/JavaAndSpringBoot/serverlet/Train Booking System USing Jackson/src/main/resources
2025-08-30 18:17:49,691 [Worker-25: Building] INFO  o.a.m.s.f.DefaultMavenResourcesFiltering - skip non existing resourceDirectory /Users/abhishekkanade/Desktop/JavaAndSpringBoot/serverlet/Train Booking System USing Jackson/src/test/resources
2025-08-30 18:17:49,705 [Worker-25: Building] INFO  o.a.m.s.f.DefaultMavenResourcesFiltering - skip non existing resourceDirectory /Users/abhishekkanade/Desktop/JavaAndSpringBoot/serverlet/learningmaven/src/main/resources
2025-08-30 18:17:49,706 [Worker-25: Building] INFO  o.a.m.s.f.DefaultMavenResourcesFiltering - skip non existing resourceDirectory /Users/abhishekkanade/Desktop/JavaAndSpringBoot/serverlet/learningmaven/src/test/resources
2025-09-01 11:37:53,435 [Worker-6: Loading available Gradle versions] INFO  o.e.b.c.i.u.g.PublishedGradleVersions - Gradle version information cache is up-to-date. Trying to read.
